Isopropanol T fit                                       Sat Feb  6 23:07:46 2010
ID=    91 QSPINROT=     50000.0000 MIN, MAX QN=   0  50
MIN.LOG.STR=   -10.000 MIN.LOG.STR(FRQ/300GHZ)**2=   -10.000 MAX FREQ       20.0 GHZ, TEMP=   299.00
     1  001   -.0021
     2  002   -1.5810
     3  003   .8987
.VAR FILE TITLE : Isopropanol T fit
                              PARAMETERS - A.PRIORI ERROR 
     1      1         10000   8.4888880000000E+03    1.000000E-37 A
     2      2         20000   8.0418020000000E+03    1.000000E-37 B
     3      3         30000   4.7651170000000E+03    1.000000E-37 C
     4      4           200   0.0000000000000E+00    1.000000E-37 -DJ
     5      5          1100   2.2520000000000E-03    1.000000E-37 -DJK
     6      6          2000  -6.0480000000000E-03    1.000000E-37 -DK
     7      7         40100  -1.4620000000000E-03    1.000000E-37 -delJ
     8      8         41000  -2.3510000000000E-03    1.000000E-37 -delK
8 parameters read, 8 independent parameters
IQNFMT = 303
ENERGY SORT OF WANG SUB-BLOCKS
PROLATE ROTOR
    V KMIN KMAX WTPL WTMN ESYMWT NSYM SPINS
    0    0   25    1    1    999    2
BLOCK - WT - SYM - V - TSP - N  -  other quanta  (rel. to F=0 )
    1    1    x    0    0
    2    1    c    0    0
    3    1    b    0    0
    4    1    a    0    0
Maximum Dimension for Hamiltonian = 13
INITIAL Q =     50000.0000, NEW Q IS RELATIVE TO MIN.EGY.=         0.0000
 NUMBER OF LINES =    378
TEMPERATURE - Q(SPIN-ROT.) - log Q(SPIN-ROT.)
    300.000     35663.0628    4.5522
    299.000     35546.2772    4.5508
    225.000     26288.0465    4.4198
    150.000     15960.7436    4.2031
     75.000      6027.4627    3.7801
     37.500      2150.2718    3.3325
     18.750       761.9070    2.8819
      9.375       270.4582    2.4321
