Not a molecule 2                                        Mon Jul 19 13:41:21 2010
ID=    91 QSPINROT=     50000.0000 MIN, MAX QN=   0  25
MIN.LOG.STR=   -10.000 MIN.LOG.STR(FRQ/300GHZ)**2=   -10.000 MAX FREQ       20.0 GHZ, TEMP=    29.90
     1  001   -.0021
     2  002   -1.5810
     3  003   .8987
.VAR FILE TITLE :Not a molecule 2
                              PARAMETERS - A.PRIORI ERROR 
     1      1         10000   2.0949672960000E+04    1.000000E-37 A
     2      2         20000   1.6000000000000E+04    1.000000E-37 B
     3      3         30000   1.0000000000000E+03    1.000000E-37 C
     4      4           200   0.0000000000000E+00    1.000000E-37 -DJ
     5      5          1100   2.2520000000000E-03    1.000000E-37 -DJK
     6      6          2000  -6.0480000000000E-03    1.000000E-37 -DK
     7      7         40100  -1.4620000000000E-03    1.000000E-37 -delJ
     8      8         41000  -2.3510000000000E-03    1.000000E-37 -delK
8 parameters read, 8 independent parameters
IQNFMT = 303
ENERGY SORT OF WANG SUB-BLOCKS
PROLATE ROTOR
    V KMIN KMAX WTPL WTMN ESYMWT NSYM SPINS
    0    0   15    1    1    999    2
BLOCK - WT - SYM - V - TSP - N  -  other quanta  (rel. to F=0 )
    1    1    x    0    0
    2    1    c    0    0
    3    1    b    0    0
    4    1    a    0    0
Maximum Dimension for Hamiltonian = 8
INITIAL Q =     50000.0000, NEW Q IS RELATIVE TO MIN.EGY.=         0.0000
 NUMBER OF LINES =     67
TEMPERATURE - Q(SPIN-ROT.) - log Q(SPIN-ROT.)
    300.000     10459.7364    4.0195
    225.000      8929.8320    3.9508
    150.000      6758.2317    3.8298
     75.000      3620.3998    3.5588
     37.500      1666.3862    3.2218
     29.900      1257.4750    3.0995
     18.750       673.4411    2.8283
      9.375       240.4897    2.3811
