Not a molecule                                          Fri May 28 12:03:32 2010
ID=    91 QSPINROT=     50000.0000 MIN, MAX QN=   0  50
MIN.LOG.STR=   -10.000 MIN.LOG.STR(FRQ/300GHZ)**2=   -10.000 MAX FREQ       20.0 GHZ, TEMP=    29.90
     1  001   -.0021
     2  002   -1.5810
     3  003   .8987
.VAR FILE TITLE :Not a molecule
                              PARAMETERS - A.PRIORI ERROR 
     1      1         10000   2.0949672960000E+04    1.000000E-37 A
     2      2         20000   1.6000000000000E+04    1.000000E-37 B
     3      3         30000   0.0000000000000E+00    1.000000E-37 C
     4      4           200   0.0000000000000E+00    1.000000E-37 -DJ
     5      5          1100   2.2520000000000E-03    1.000000E-37 -DJK
     6      6          2000  -6.0480000000000E-03    1.000000E-37 -DK
     7      7         40100  -1.4620000000000E-03    1.000000E-37 -delJ
     8      8         41000  -2.3510000000000E-03    1.000000E-37 -delK
8 parameters read, 8 independent parameters
IQNFMT = 303
ENERGY SORT OF WANG SUB-BLOCKS
PROLATE ROTOR
    V KMIN KMAX WTPL WTMN ESYMWT NSYM SPINS
    0    0   25    1    1    999    2
BLOCK - WT - SYM - V - TSP - N  -  other quanta  (rel. to F=0 )
    1    1    x    0    0
    2    1    c    0    0
    3    1    b    0    0
    4    1    a    0    0
Maximum Dimension for Hamiltonian = 13
INITIAL Q =     50000.0000, NEW Q IS RELATIVE TO MIN.EGY.=         0.0000
 NUMBER OF LINES =    140
TEMPERATURE - Q(SPIN-ROT.) - log Q(SPIN-ROT.)
    300.000     31255.3177    4.4949
    225.000     24326.6847    4.3861
    150.000     16674.8452    4.2221
     75.000      8394.9642    3.9240
     37.500      4008.9431    3.6030
     29.900      3080.3904    3.4886
     18.750      1680.8712    3.2255
      9.375       548.3425    2.7391
